c:\users\jordan\documents\visual studio 2015\projects\pandemic\debug\vc140.pdb
c:\users\jordan\documents\visual studio 2015\projects\pandemic\debug\vc140.idb
c:\users\jordan\documents\visual studio 2015\projects\pandemic\debug\eventsystem.obj
c:\users\jordan\documents\visual studio 2015\projects\pandemic\debug\font.obj
c:\users\jordan\documents\visual studio 2015\projects\pandemic\debug\game.obj
c:\users\jordan\documents\visual studio 2015\projects\pandemic\debug\graphicsbuffer.obj
c:\users\jordan\documents\visual studio 2015\projects\pandemic\debug\graphicsbuffermanager.obj
c:\users\jordan\documents\visual studio 2015\projects\pandemic\debug\graphicssystem.obj
c:\users\jordan\documents\visual studio 2015\projects\pandemic\debug\inputsystem.obj
c:\users\jordan\documents\visual studio 2015\projects\pandemic\debug\jsondata.obj
c:\users\jordan\documents\visual studio 2015\projects\pandemic\debug\level.obj
c:\users\jordan\documents\visual studio 2015\projects\pandemic\debug\levelmanager.obj
c:\users\jordan\documents\visual studio 2015\projects\pandemic\debug\main.obj
c:\users\jordan\documents\visual studio 2015\projects\pandemic\debug\pandemic.obj
c:\users\jordan\documents\visual studio 2015\projects\pandemic\debug\quitevent.obj
c:\users\jordan\documents\visual studio 2015\projects\pandemic\debug\sprite.obj
c:\users\jordan\documents\visual studio 2015\projects\pandemic\debug\ui.obj
c:\users\jordan\documents\visual studio 2015\projects\pandemic\debug\unit.obj
c:\users\jordan\documents\visual studio 2015\projects\pandemic\debug\unitaddevent.obj
c:\users\jordan\documents\visual studio 2015\projects\pandemic\debug\unitmanager.obj
c:\users\jordan\documents\visual studio 2015\projects\pandemic\debug\unitremoveevent.obj
c:\users\jordan\documents\visual studio 2015\projects\pandemic\debug\updatefpsevent.obj
c:\users\jordan\documents\visual studio 2015\projects\pandemic\debug\animation.obj
c:\users\jordan\documents\visual studio 2015\projects\pandemic\debug\color.obj
c:\users\jordan\documents\visual studio 2015\projects\pandemic\debug\event.obj
c:\users\jordan\documents\visual studio 2015\projects\pandemic\debug\eventlistener.obj
c:\users\jordan\documents\visual studio 2015\projects\pandemic\debug\pandemic.pdb
c:\users\jordan\documents\visual studio 2015\projects\pandemic\debug\pandemic.tlog\cl.command.1.tlog
c:\users\jordan\documents\visual studio 2015\projects\pandemic\debug\pandemic.tlog\cl.read.1.tlog
c:\users\jordan\documents\visual studio 2015\projects\pandemic\debug\pandemic.tlog\cl.write.1.tlog
c:\users\jordan\documents\visual studio 2015\projects\pandemic\debug\pandemic.tlog\link-cvtres.read.1.tlog
c:\users\jordan\documents\visual studio 2015\projects\pandemic\debug\pandemic.tlog\link-cvtres.write.1.tlog
c:\users\jordan\documents\visual studio 2015\projects\pandemic\debug\pandemic.tlog\link-rc.read.1.tlog
c:\users\jordan\documents\visual studio 2015\projects\pandemic\debug\pandemic.tlog\link-rc.write.1.tlog
c:\users\jordan\documents\visual studio 2015\projects\pandemic\debug\pandemic.tlog\link.command.1.tlog
c:\users\jordan\documents\visual studio 2015\projects\pandemic\debug\pandemic.tlog\link.read.1.tlog
c:\users\jordan\documents\visual studio 2015\projects\pandemic\debug\pandemic.tlog\link.write.1.tlog
