  unitManager.cpp
  unitAddEvent.cpp
  unit.cpp
c:\users\jordan\documents\visual studio 2015\projects\pandemic\unit.cpp(144): warning C4244: 'return': conversion from 'float' to 'int', possible loss of data
c:\users\jordan\documents\visual studio 2015\projects\pandemic\unit.cpp(148): warning C4244: 'return': conversion from 'float' to 'int', possible loss of data
c:\users\jordan\documents\visual studio 2015\projects\pandemic\unit.cpp(158): warning C4244: 'return': conversion from 'float' to 'int', possible loss of data
c:\users\jordan\documents\visual studio 2015\projects\pandemic\unit.cpp(162): warning C4244: 'return': conversion from 'float' to 'int', possible loss of data
  uiBox.cpp
  ui.cpp
  main.cpp
c:\users\jordan\documents\visual studio 2015\projects\pandemic\main.cpp(31): warning C4244: 'argument': conversion from 'time_t' to 'unsigned int', possible loss of data
  level.cpp
  inputSystem.cpp
  game.cpp
  PlayerCard.cpp
  Player.cpp
c:\users\jordan\documents\visual studio 2015\projects\pandemic\player.cpp(14): warning C4244: 'argument': conversion from 'int' to 'float', possible loss of data
  CityCard.cpp
  City.cpp
  Generating Code...
  Compiling...
  InfectionCard.cpp
  CameraManager.cpp
  Board.cpp
c:\users\jordan\documents\visual studio 2015\projects\pandemic\board.cpp(22): warning C4244: 'argument': conversion from 'int' to 'float', possible loss of data
c:\users\jordan\documents\visual studio 2015\projects\pandemic\board.cpp(23): warning C4244: 'argument': conversion from 'int' to 'float', possible loss of data
c:\users\jordan\documents\visual studio 2015\projects\pandemic\board.cpp(58): warning C4018: '<=': signed/unsigned mismatch
c:\users\jordan\documents\visual studio 2015\projects\pandemic\board.cpp(90): warning C4244: 'argument': conversion from 'int' to 'float', possible loss of data
c:\users\jordan\documents\visual studio 2015\projects\pandemic\board.cpp(91): warning C4244: 'argument': conversion from 'int' to 'float', possible loss of data
c:\users\jordan\documents\visual studio 2015\projects\pandemic\board.cpp(172): warning C4018: '<': signed/unsigned mismatch
c:\users\jordan\documents\visual studio 2015\projects\pandemic\board.cpp(234): warning C4018: '<': signed/unsigned mismatch
c:\users\jordan\documents\visual studio 2015\projects\pandemic\board.cpp(298): warning C4018: '<': signed/unsigned mismatch
  Generating Code...
  pandemic.vcxproj -> C:\Users\jordan\Documents\Visual Studio 2015\Projects\pandemic\Debug\pandemic.exe
  pandemic.vcxproj -> C:\Users\jordan\Documents\Visual Studio 2015\Projects\pandemic\Debug\pandemic.pdb (Partial PDB)
